# Logfile created on 2018-07-24 18:18:33 +0100 by logger.rb/61378
[[32mbdad0260[0m] Running [33;1mwhoami[0m
[[32mbdad0260[0m] 	rich
[[32mbdad0260[0m] Finished in 0.014 seconds with exit status 0 ([32;1msuccessful[0m)
[[32mac79500f[0m] Running [33;1mcat /etc/passwd[0m
[[32mac79500f[0m] 	##
# User Database
# 
# Note that this file is consulted directly only when the system is running
# in single-user mode.  At other times this information is provided by
# Open Directory.
#
# See the opendirectoryd(8) man page for additional information about
# Open Directory.
##
nobody:*:-2:-2:Unprivileged User:/var/empty:/usr/bin/false
root:*:0:0:System Administrator:/var/root:/bin/sh
daemon:*:1:1:System Services:/var/root:/usr/bin/false
_uucp:*:4:4:Unix to Unix Copy Protocol:/var/spool/uucp:/usr/sbin/uucico
_taskgated:*:13:13:Task Gate Daemon:/var/empty:/usr/bin/false
_networkd:*:24:24:Network Services:/var/networkd:/usr/bin/false
_installassistant:*:25:25:Install Assistant:/var/empty:/usr/bin/false
_lp:*:26:26:Printing Services:/var/spool/cups:/usr/bin/false
_postfix:*:27:27:Postfix Mail Server:/var/spool/postfix:/usr/bin/false
_scsd:*:31:31:Service Configuration Service:/var/empty:/usr/bin/false
_ces:*:32:32:Certificate Enrollment Service:/var/empty:/usr/bin/false
_appstore:*:33:33:Mac App Store Service:/
[[32mac79500f[0m] 	var/empty:/usr/bin/false
_mcxalr:*:54:54:MCX AppLaunch:/var/empty:/usr/bin/false
_appleevents:*:55:55:AppleEvents Daemon:/var/empty:/usr/bin/false
_geod:*:56:56:Geo Services Daemon:/var/db/geod:/usr/bin/false
_serialnumberd:*:58:58:Serial Number Daemon:/var/empty:/usr/bin/false
_devdocs:*:59:59:Developer Documentation:/var/empty:/usr/bin/false
_sandbox:*:60:60:Seatbelt:/var/empty:/usr/bin/false
_mdnsresponder:*:65:65:mDNSResponder:/var/empty:/usr/bin/false
_ard:*:67:67:Apple Remote Desktop:/var/empty:/usr/bin/false
_www:*:70:70:World Wide Web Server:/Library/WebServer:/usr/bin/false
_eppc:*:71:71:Apple Events User:/var/empty:/usr/bin/false
_cvs:*:72:72:CVS Server:/var/empty:/usr/bin/false
_svn:*:73:73:SVN Server:/var/empty:/usr/bin/false
_mysql:*:74:74:MySQL Server:/var/empty:/usr/bin/false
_sshd:*:75:75:sshd Privilege separation:/var/empty:/usr/bin/false
_qtss:*:76:76:QuickTime Streaming Server:/var/empty:/usr/bin/false
_cyrus:*:77:6:Cyrus Administrator:/var/imap:/usr/bin/false
_mailman:*:78:78:Mailman List 
[[32mac79500f[0m] 	Server:/var/empty:/usr/bin/false
_appserver:*:79:79:Application Server:/var/empty:/usr/bin/false
_clamav:*:82:82:ClamAV Daemon:/var/virusmails:/usr/bin/false
_amavisd:*:83:83:AMaViS Daemon:/var/virusmails:/usr/bin/false
_jabber:*:84:84:Jabber XMPP Server:/var/empty:/usr/bin/false
_appowner:*:87:87:Application Owner:/var/empty:/usr/bin/false
_windowserver:*:88:88:WindowServer:/var/empty:/usr/bin/false
_spotlight:*:89:89:Spotlight:/var/empty:/usr/bin/false
_tokend:*:91:91:Token Daemon:/var/empty:/usr/bin/false
_securityagent:*:92:92:SecurityAgent:/var/db/securityagent:/usr/bin/false
_calendar:*:93:93:Calendar:/var/empty:/usr/bin/false
_teamsserver:*:94:94:TeamsServer:/var/teamsserver:/usr/bin/false
_update_sharing:*:95:-2:Update Sharing:/var/empty:/usr/bin/false
_installer:*:96:-2:Installer:/var/empty:/usr/bin/false
_atsserver:*:97:97:ATS Server:/var/empty:/usr/bin/false
_ftp:*:98:-2:FTP Daemon:/var/empty:/usr/bin/false
_unknown:*:99:99:Unknown User:/var/empty:/usr/bin/false
_softwareupdate:*:200:200:Software U
[[32mac79500f[0m] 	pdate Service:/var/db/softwareupdate:/usr/bin/false
_coreaudiod:*:202:202:Core Audio Daemon:/var/empty:/usr/bin/false
_screensaver:*:203:203:Screensaver:/var/empty:/usr/bin/false
_locationd:*:205:205:Location Daemon:/var/db/locationd:/usr/bin/false
_trustevaluationagent:*:208:208:Trust Evaluation Agent:/var/empty:/usr/bin/false
_timezone:*:210:210:AutoTimeZoneDaemon:/var/empty:/usr/bin/false
_lda:*:211:211:Local Delivery Agent:/var/empty:/usr/bin/false
_cvmsroot:*:212:212:CVMS Root:/var/empty:/usr/bin/false
_usbmuxd:*:213:213:iPhone OS Device Helper:/var/db/lockdown:/usr/bin/false
_dovecot:*:214:6:Dovecot Administrator:/var/empty:/usr/bin/false
_dpaudio:*:215:215:DP Audio:/var/empty:/usr/bin/false
_postgres:*:216:216:PostgreSQL Server:/var/empty:/usr/bin/false
_krbtgt:*:217:-2:Kerberos Ticket Granting Ticket:/var/empty:/usr/bin/false
_kadmin_admin:*:218:-2:Kerberos Admin Service:/var/empty:/usr/bin/false
_kadmin_changepw:*:219:-2:Kerberos Change Password Service:/var/empty:/usr/bin/false
_devicemgr:*:220:220:
[[32mac79500f[0m] 	Device Management Server:/var/empty:/usr/bin/false
_webauthserver:*:221:221:Web Auth Server:/var/empty:/usr/bin/false
_netbios:*:222:222:NetBIOS:/var/empty:/usr/bin/false
_warmd:*:224:224:Warm Daemon:/var/empty:/usr/bin/false
_dovenull:*:227:227:Dovecot Authentication:/var/empty:/usr/bin/false
_netstatistics:*:228:228:Network Statistics Daemon:/var/empty:/usr/bin/false
_avbdeviced:*:229:-2:Ethernet AVB Device Daemon:/var/empty:/usr/bin/false
_krb_krbtgt:*:230:-2:Open Directory Kerberos Ticket Granting Ticket:/var/empty:/usr/bin/false
_krb_kadmin:*:231:-2:Open Directory Kerberos Admin Service:/var/empty:/usr/bin/false
_krb_changepw:*:232:-2:Open Directory Kerberos Change Password Service:/var/empty:/usr/bin/false
_krb_kerberos:*:233:-2:Open Directory Kerberos:/var/empty:/usr/bin/false
_krb_anonymous:*:234:-2:Open Directory Kerberos Anonymous:/var/empty:/usr/bin/false
_assetcache:*:235:235:Asset Cache Service:/var/empty:/usr/bin/false
_coremediaiod:*:236:236:Core Media IO Daemon:/var/empty:/usr/bin/false
_launc
[[32mac79500f[0m] 	hservicesd:*:239:239:_launchservicesd:/var/empty:/usr/bin/false
_iconservices:*:240:240:IconServices:/var/empty:/usr/bin/false
_distnote:*:241:241:DistNote:/var/empty:/usr/bin/false
_nsurlsessiond:*:242:242:NSURLSession Daemon:/var/db/nsurlsessiond:/usr/bin/false
_nsurlstoraged:*:243:243:NSURLStorage Daemon:/var/db/nsurlstoraged:/usr/bin/false
_displaypolicyd:*:244:244:Display Policy Daemon:/var/empty:/usr/bin/false
_astris:*:245:245:Astris Services:/var/db/astris:/usr/bin/false
_krbfast:*:246:-2:Kerberos FAST Account:/var/empty:/usr/bin/false
_gamecontrollerd:*:247:247:Game Controller Daemon:/var/empty:/usr/bin/false
_mbsetupuser:*:248:248:Setup User:/var/setup:/bin/bash
_ondemand:*:249:249:On Demand Resource Daemon:/var/db/ondemand:/usr/bin/false
_xserverdocs:*:251:251:macOS Server Documents Service:/var/empty:/usr/bin/false
_wwwproxy:*:252:252:WWW Proxy:/var/empty:/usr/bin/false
_mobileasset:*:253:253:MobileAsset User:/var/ma:/usr/bin/false
_findmydevice:*:254:254:Find My Device Daemon:/var/db/findmydevice
[[32mac79500f[0m] 	:/usr/bin/false
_datadetectors:*:257:257:DataDetectors:/var/db/datadetectors:/usr/bin/false
_captiveagent:*:258:258:captiveagent:/var/empty:/usr/bin/false
_ctkd:*:259:259:ctkd Account:/var/empty:/usr/bin/false
_applepay:*:260:260:applepay Account:/var/db/applepay:/usr/bin/false
_hidd:*:261:261:HID Service User:/var/db/hidd:/usr/bin/false
_cmiodalassistants:*:262:262:CoreMedia IO Assistants User:/var/db/cmiodalassistants:/usr/bin/false
_analyticsd:*:263:263:Analytics Daemon:/var/db/analyticsd:/usr/bin/false
_fpsd:*:265:265:FPS Daemon:/var/db/fpsd:/usr/bin/false
_timed:*:266:266:Time Sync Daemon:/var/db/timed:/usr/bin/false
[[32mac79500f[0m] Finished in 0.008 seconds with exit status 0 ([32;1msuccessful[0m)
[[32mebf6c07a[0m] Running [33;1mssh techsupport@10.10.10.10 whoami[0m
[[32mebf6c07a[0m] 	techsupport
[[32mebf6c07a[0m] Finished in 11.185 seconds with exit status 0 ([32;1msuccessful[0m)
[[32mf0c770bc[0m] Running [33;1mssh techsupport@10.10.10.10 cat /etc/passwd[0m
[[32mf0c770bc[0m] 	root:x:0:0:root:/root:/bin/bash
daemon:x:1:1:daemon:/usr/sbin:/usr/sbin/nologin
bin:x:2:2:bin:/bin:/usr/sbin/nologin
sys:x:3:3:sys:/dev:/usr/sbin/nologin
sync:x:4:65534:sync:/bin:/bin/sync
games:x:5:60:games:/usr/games:/usr/sbin/nologin
man:x:6:12:man:/var/cache/man:/usr/sbin/nologin
lp:x:7:7:lp:/var/spool/lpd:/usr/sbin/nologin
mail:x:8:8:mail:/var/mail:/usr/sbin/nologin
news:x:9:9:news:/var/spool/news:/usr/sbin/nologin
uucp:x:10:10:uucp:/var/spool/uucp:/usr/sbin/nologin
proxy:x:13:13:proxy:/bin:/usr/sbin/nologin
www-data:x:33:33:www-data:/var/www:/bin/bash
backup:x:34:34:backup:/var/backups:/usr/sbin/nologin
list:x:38:38:Mailing List Manager:/var/list:/usr/sbin/nologin
irc:x:39:39:ircd:/var/run/ircd:/usr/sbin/nologin
gnats:x:41:41:Gnats Bug-Reporting System (admin):/var/lib/gnats:/usr/sbin/nologin
nobody:x:65534:65534:nobody:/nonexistent:/usr/sbin/nologin
systemd-timesync:x:100:102:systemd Time Synchronization,,,:/run/systemd:/bin/false
systemd-network:x:101:103:systemd Network Management,,,:/run/systemd/net
[[32mf0c770bc[0m] 	if:/bin/false
systemd-resolve:x:102:104:systemd Resolver,,,:/run/systemd/resolve:/bin/false
systemd-bus-proxy:x:103:105:systemd Bus Proxy,,,:/run/systemd:/bin/false
syslog:x:104:108::/home/syslog:/bin/false
_apt:x:105:65534::/nonexistent:/bin/false
lxd:x:106:65534::/var/lib/lxd/:/bin/false
messagebus:x:107:112::/var/run/dbus:/bin/false
uuidd:x:108:113::/run/uuidd:/bin/false
dnsmasq:x:109:65534:dnsmasq,,,:/var/lib/misc:/bin/false
sshd:x:110:65534::/var/run/sshd:/usr/sbin/nologin
libvirt-qemu:x:64055:111:Libvirt Qemu,,,:/var/lib/libvirt:/bin/false
libvirt-dnsmasq:x:111:118:Libvirt Dnsmasq,,,:/var/lib/libvirt/dnsmasq:/bin/false
labuser:x:1000:1000:labuser,,,:/home/labuser:/bin/bash
techsupport:x:1001:1001:techsupport,,,:/home/techsupport:/bin/bash
statd:x:112:65534::/var/lib/nfs:/bin/false
snmp:x:113:120::/var/lib/snmp:/usr/sbin/nologin
peter.parker:x:1002:1002:Peter,Parker,,:/home/peter.parker:/bin/bash
ftp:x:114:122:ftp daemon,,,:/srv/ftp:/bin/false
mysql:x:115:123:MySQL Server,,,:/nonexistent:/bin/false
[[32mf0c770bc[0m] Finished in 1.689 seconds with exit status 0 ([32;1msuccessful[0m)
[[32mdfe0449b[0m] Running [33;1mssh techsupport@10.10.10.10 whoami[0m
[[32mdfe0449b[0m] 	techsupport
[[32mdfe0449b[0m] Finished in 8.481 seconds with exit status 0 ([32;1msuccessful[0m)
[[32m02cba4e5[0m] Running [33;1mssh techsupport@10.10.10.10 cat /etc/passwd[0m
[[32m02cba4e5[0m] 	root:x:0:0:root:/root:/bin/bash
daemon:x:1:1:daemon:/usr/sbin:/usr/sbin/nologin
bin:x:2:2:bin:/bin:/usr/sbin/nologin
sys:x:3:3:sys:/dev:/usr/sbin/nologin
sync:x:4:65534:sync:/bin:/bin/sync
games:x:5:60:games:/usr/games:/usr/sbin/nologin
man:x:6:12:man:/var/cache/man:/usr/sbin/nologin
lp:x:7:7:lp:/var/spool/lpd:/usr/sbin/nologin
mail:x:8:8:mail:/var/mail:/usr/sbin/nologin
news:x:9:9:news:/var/spool/news:/usr/sbin/nologin
uucp:x:10:10:uucp:/var/spool/uucp:/usr/sbin/nologin
proxy:x:13:13:proxy:/bin:/usr/sbin/nologin
www-data:x:33:33:www-data:/var/www:/bin/bash
backup:x:34:34:backup:/var/backups:/usr/sbin/nologin
list:x:38:38:Mailing List Manager:/var/list:/usr/sbin/nologin
irc:x:39:39:ircd:/var/run/ircd:/usr/sbin/nologin
gnats:x:41:41:Gnats Bug-Reporting System (admin):/var/lib/gnats:/usr/sbin/nologin
nobody:x:65534:65534:nobody:/nonexistent:/usr/sbin/nologin
systemd-timesync:x:100:102:systemd Time Synchronization,,,:/run/systemd:/bin/false
systemd-network:x:101:103:systemd Network Management,,,:/run/systemd/net
[[32m02cba4e5[0m] 	if:/bin/false
systemd-resolve:x:102:104:systemd Resolver,,,:/run/systemd/resolve:/bin/false
systemd-bus-proxy:x:103:105:systemd Bus Proxy,,,:/run/systemd:/bin/false
syslog:x:104:108::/home/syslog:/bin/false
_apt:x:105:65534::/nonexistent:/bin/false
lxd:x:106:65534::/var/lib/lxd/:/bin/false
messagebus:x:107:112::/var/run/dbus:/bin/false
uuidd:x:108:113::/run/uuidd:/bin/false
dnsmasq:x:109:65534:dnsmasq,,,:/var/lib/misc:/bin/false
sshd:x:110:65534::/var/run/sshd:/usr/sbin/nologin
libvirt-qemu:x:64055:111:Libvirt Qemu,,,:/var/lib/libvirt:/bin/false
libvirt-dnsmasq:x:111:118:Libvirt Dnsmasq,,,:/var/lib/libvirt/dnsmasq:/bin/false
labuser:x:1000:1000:labuser,,,:/home/labuser:/bin/bash
techsupport:x:1001:1001:techsupport,,,:/home/techsupport:/bin/bash
statd:x:112:65534::/var/lib/nfs:/bin/false
snmp:x:113:120::/var/lib/snmp:/usr/sbin/nologin
peter.parker:x:1002:1002:Peter,Parker,,:/home/peter.parker:/bin/bash
ftp:x:114:122:ftp daemon,,,:/srv/ftp:/bin/false
mysql:x:115:123:MySQL Server,,,:/nonexistent:/bin/false
[[32m02cba4e5[0m] Finished in 1.081 seconds with exit status 0 ([32;1msuccessful[0m)
[[32m33913ddf[0m] Running [33;1mssh techsupport@10.10.10.10 whoami[0m
[[32m33913ddf[0m] 	techsupport
[[32m33913ddf[0m] Finished in 0.959 seconds with exit status 0 ([32;1msuccessful[0m)
[[32m66509119[0m] Running [33;1mssh techsupport@10.10.10.10 cat /etc/passwd[0m
[[32m66509119[0m] 	root:x:0:0:root:/root:/bin/bash
daemon:x:1:1:daemon:/usr/sbin:/usr/sbin/nologin
bin:x:2:2:bin:/bin:/usr/sbin/nologin
sys:x:3:3:sys:/dev:/usr/sbin/nologin
sync:x:4:65534:sync:/bin:/bin/sync
games:x:5:60:games:/usr/games:/usr/sbin/nologin
man:x:6:12:man:/var/cache/man:/usr/sbin/nologin
lp:x:7:7:lp:/var/spool/lpd:/usr/sbin/nologin
mail:x:8:8:mail:/var/mail:/usr/sbin/nologin
news:x:9:9:news:/var/spool/news:/usr/sbin/nologin
uucp:x:10:10:uucp:/var/spool/uucp:/usr/sbin/nologin
proxy:x:13:13:proxy:/bin:/usr/sbin/nologin
www-data:x:33:33:www-data:/var/www:/bin/bash
backup:x:34:34:backup:/var/backups:/usr/sbin/nologin
list:x:38:38:Mailing List Manager:/var/list:/usr/sbin/nologin
irc:x:39:39:ircd:/var/run/ircd:/usr/sbin/nologin
gnats:x:41:41:Gnats Bug-Reporting System (admin):/var/lib/gnats:/usr/sbin/nologin
nobody:x:65534:65534:nobody:/nonexistent:/usr/sbin/nologin
systemd-timesync:x:100:102:systemd Time Synchronization,,,:/run/systemd:/bin/false
systemd-network:x:101:103:systemd Network Management,,,:/run/systemd/net
[[32m66509119[0m] 	if:/bin/false
systemd-resolve:x:102:104:systemd Resolver,,,:/run/systemd/resolve:/bin/false
systemd-bus-proxy:x:103:105:systemd Bus Proxy,,,:/run/systemd:/bin/false
syslog:x:104:108::/home/syslog:/bin/false
_apt:x:105:65534::/nonexistent:/bin/false
lxd:x:106:65534::/var/lib/lxd/:/bin/false
messagebus:x:107:112::/var/run/dbus:/bin/false
uuidd:x:108:113::/run/uuidd:/bin/false
dnsmasq:x:109:65534:dnsmasq,,,:/var/lib/misc:/bin/false
sshd:x:110:65534::/var/run/sshd:/usr/sbin/nologin
libvirt-qemu:x:64055:111:Libvirt Qemu,,,:/var/lib/libvirt:/bin/false
libvirt-dnsmasq:x:111:118:Libvirt Dnsmasq,,,:/var/lib/libvirt/dnsmasq:/bin/false
labuser:x:1000:1000:labuser,,,:/home/labuser:/bin/bash
techsupport:x:1001:1001:techsupport,,,:/home/techsupport:/bin/bash
statd:x:112:65534::/var/lib/nfs:/bin/false
snmp:x:113:120::/var/lib/snmp:/usr/sbin/nologin
peter.parker:x:1002:1002:Peter,Parker,,:/home/peter.parker:/bin/bash
ftp:x:114:122:ftp daemon,,,:/srv/ftp:/bin/false
mysql:x:115:123:MySQL Server,,,:/nonexistent:/bin/false
[[32m66509119[0m] Finished in 2.769 seconds with exit status 0 ([32;1msuccessful[0m)
[[32mb5be3118[0m] Running [33;1mssh techsupport@10.10.10.10 whoami; cat /etc/passwd[0m
[[32mb5be3118[0m] 	techsupport
[[32mb5be3118[0m] 	##
# User Database
# 
# Note that this file is consulted directly only when the system is running
# in single-user mode.  At other times this information is provided by
# Open Directory.
#
# See the opendirectoryd(8) man page for additional information about
# Open Directory.
##
nobody:*:-2:-2:Unprivileged User:/var/empty:/usr/bin/false
root:*:0:0:System Administrator:/var/root:/bin/sh
daemon:*:1:1:System Services:/var/root:/usr/bin/false
_uucp:*:4:4:Unix to Unix Copy Protocol:/var/spool/uucp:/usr/sbin/uucico
_taskgated:*:13:13:Task Gate Daemon:/var/empty:/usr/bin/false
_networkd:*:24:24:Network Services:/var/networkd:/usr/bin/false
_installassistant:*:25:25:Install Assistant:/var/empty:/usr/bin/false
_lp:*:26:26:Printing Services:/var/spool/cups:/usr/bin/false
_postfix:*:27:27:Postfix Mail Server:/var/spool/postfix:/usr/bin/false
_scsd:*:31:31:Service Configuration Service:/var/empty:/usr/bin/false
_ces:*:32:32:Certificate Enrollment Service:/var/empty:/usr/bin/false
_appstore:*:33:33:Mac App Store Service:/
[[32mb5be3118[0m] 	var/empty:/usr/bin/false
_mcxalr:*:54:54:MCX AppLaunch:/var/empty:/usr/bin/false
_appleevents:*:55:55:AppleEvents Daemon:/var/empty:/usr/bin/false
_geod:*:56:56:Geo Services Daemon:/var/db/geod:/usr/bin/false
_serialnumberd:*:58:58:Serial Number Daemon:/var/empty:/usr/bin/false
_devdocs:*:59:59:Developer Documentation:/var/empty:/usr/bin/false
_sandbox:*:60:60:Seatbelt:/var/empty:/usr/bin/false
_mdnsresponder:*:65:65:mDNSResponder:/var/empty:/usr/bin/false
_ard:*:67:67:Apple Remote Desktop:/var/empty:/usr/bin/false
_www:*:70:70:World Wide Web Server:/Library/WebServer:/usr/bin/false
_eppc:*:71:71:Apple Events User:/var/empty:/usr/bin/false
_cvs:*:72:72:CVS Server:/var/empty:/usr/bin/false
_svn:*:73:73:SVN Server:/var/empty:/usr/bin/false
_mysql:*:74:74:MySQL Server:/var/empty:/usr/bin/false
_sshd:*:75:75:sshd Privilege separation:/var/empty:/usr/bin/false
_qtss:*:76:76:QuickTime Streaming Server:/var/empty:/usr/bin/false
_cyrus:*:77:6:Cyrus Administrator:/var/imap:/usr/bin/false
_mailman:*:78:78:Mailman List 
[[32mb5be3118[0m] 	Server:/var/empty:/usr/bin/false
_appserver:*:79:79:Application Server:/var/empty:/usr/bin/false
_clamav:*:82:82:ClamAV Daemon:/var/virusmails:/usr/bin/false
_amavisd:*:83:83:AMaViS Daemon:/var/virusmails:/usr/bin/false
_jabber:*:84:84:Jabber XMPP Server:/var/empty:/usr/bin/false
_appowner:*:87:87:Application Owner:/var/empty:/usr/bin/false
_windowserver:*:88:88:WindowServer:/var/empty:/usr/bin/false
_spotlight:*:89:89:Spotlight:/var/empty:/usr/bin/false
_tokend:*:91:91:Token Daemon:/var/empty:/usr/bin/false
_securityagent:*:92:92:SecurityAgent:/var/db/securityagent:/usr/bin/false
_calendar:*:93:93:Calendar:/var/empty:/usr/bin/false
_teamsserver:*:94:94:TeamsServer:/var/teamsserver:/usr/bin/false
_update_sharing:*:95:-2:Update Sharing:/var/empty:/usr/bin/false
_installer:*:96:-2:Installer:/var/empty:/usr/bin/false
_atsserver:*:97:97:ATS Server:/var/empty:/usr/bin/false
_ftp:*:98:-2:FTP Daemon:/var/empty:/usr/bin/false
_unknown:*:99:99:Unknown User:/var/empty:/usr/bin/false
_softwareupdate:*:200:200:Software U
[[32mb5be3118[0m] 	pdate Service:/var/db/softwareupdate:/usr/bin/false
_coreaudiod:*:202:202:Core Audio Daemon:/var/empty:/usr/bin/false
_screensaver:*:203:203:Screensaver:/var/empty:/usr/bin/false
_locationd:*:205:205:Location Daemon:/var/db/locationd:/usr/bin/false
_trustevaluationagent:*:208:208:Trust Evaluation Agent:/var/empty:/usr/bin/false
_timezone:*:210:210:AutoTimeZoneDaemon:/var/empty:/usr/bin/false
_lda:*:211:211:Local Delivery Agent:/var/empty:/usr/bin/false
_cvmsroot:*:212:212:CVMS Root:/var/empty:/usr/bin/false
_usbmuxd:*:213:213:iPhone OS Device Helper:/var/db/lockdown:/usr/bin/false
_dovecot:*:214:6:Dovecot Administrator:/var/empty:/usr/bin/false
_dpaudio:*:215:215:DP Audio:/var/empty:/usr/bin/false
_postgres:*:216:216:PostgreSQL Server:/var/empty:/usr/bin/false
_krbtgt:*:217:-2:Kerberos Ticket Granting Ticket:/var/empty:/usr/bin/false
_kadmin_admin:*:218:-2:Kerberos Admin Service:/var/empty:/usr/bin/false
_kadmin_changepw:*:219:-2:Kerberos Change Password Service:/var/empty:/usr/bin/false
_devicemgr:*:220:220:
[[32mb5be3118[0m] 	Device Management Server:/var/empty:/usr/bin/false
_webauthserver:*:221:221:Web Auth Server:/var/empty:/usr/bin/false
_netbios:*:222:222:NetBIOS:/var/empty:/usr/bin/false
_warmd:*:224:224:Warm Daemon:/var/empty:/usr/bin/false
_dovenull:*:227:227:Dovecot Authentication:/var/empty:/usr/bin/false
_netstatistics:*:228:228:Network Statistics Daemon:/var/empty:/usr/bin/false
_avbdeviced:*:229:-2:Ethernet AVB Device Daemon:/var/empty:/usr/bin/false
_krb_krbtgt:*:230:-2:Open Directory Kerberos Ticket Granting Ticket:/var/empty:/usr/bin/false
_krb_kadmin:*:231:-2:Open Directory Kerberos Admin Service:/var/empty:/usr/bin/false
_krb_changepw:*:232:-2:Open Directory Kerberos Change Password Service:/var/empty:/usr/bin/false
_krb_kerberos:*:233:-2:Open Directory Kerberos:/var/empty:/usr/bin/false
_krb_anonymous:*:234:-2:Open Directory Kerberos Anonymous:/var/empty:/usr/bin/false
_assetcache:*:235:235:Asset Cache Service:/var/empty:/usr/bin/false
_coremediaiod:*:236:236:Core Media IO Daemon:/var/empty:/usr/bin/false
_launc
[[32mb5be3118[0m] 	hservicesd:*:239:239:_launchservicesd:/var/empty:/usr/bin/false
_iconservices:*:240:240:IconServices:/var/empty:/usr/bin/false
_distnote:*:241:241:DistNote:/var/empty:/usr/bin/false
_nsurlsessiond:*:242:242:NSURLSession Daemon:/var/db/nsurlsessiond:/usr/bin/false
_nsurlstoraged:*:243:243:NSURLStorage Daemon:/var/db/nsurlstoraged:/usr/bin/false
_displaypolicyd:*:244:244:Display Policy Daemon:/var/empty:/usr/bin/false
_astris:*:245:245:Astris Services:/var/db/astris:/usr/bin/false
_krbfast:*:246:-2:Kerberos FAST Account:/var/empty:/usr/bin/false
_gamecontrollerd:*:247:247:Game Controller Daemon:/var/empty:/usr/bin/false
_mbsetupuser:*:248:248:Setup User:/var/setup:/bin/bash
_ondemand:*:249:249:On Demand Resource Daemon:/var/db/ondemand:/usr/bin/false
_xserverdocs:*:251:251:macOS Server Documents Service:/var/empty:/usr/bin/false
_wwwproxy:*:252:252:WWW Proxy:/var/empty:/usr/bin/false
_mobileasset:*:253:253:MobileAsset User:/var/ma:/usr/bin/false
_findmydevice:*:254:254:Find My Device Daemon:/var/db/findmydevice
[[32mb5be3118[0m] 	:/usr/bin/false
_datadetectors:*:257:257:DataDetectors:/var/db/datadetectors:/usr/bin/false
_captiveagent:*:258:258:captiveagent:/var/empty:/usr/bin/false
_ctkd:*:259:259:ctkd Account:/var/empty:/usr/bin/false
_applepay:*:260:260:applepay Account:/var/db/applepay:/usr/bin/false
_hidd:*:261:261:HID Service User:/var/db/hidd:/usr/bin/false
_cmiodalassistants:*:262:262:CoreMedia IO Assistants User:/var/db/cmiodalassistants:/usr/bin/false
_analyticsd:*:263:263:Analytics Daemon:/var/db/analyticsd:/usr/bin/false
_fpsd:*:265:265:FPS Daemon:/var/db/fpsd:/usr/bin/false
_timed:*:266:266:Time Sync Daemon:/var/db/timed:/usr/bin/false
[[32mb5be3118[0m] Finished in 5.205 seconds with exit status 0 ([32;1msuccessful[0m)
[[32m02dc1b28[0m] Running [33;1mssh techsupport@10.10.10.10 whoami; cat /etc/passwd[0m
[[32m02dc1b28[0m] 	techsupport
[[32m02dc1b28[0m] 	##
# User Database
# 
# Note that this file is consulted directly only when the system is running
# in single-user mode.  At other times this information is provided by
# Open Directory.
#
# See the opendirectoryd(8) man page for additional information about
# Open Directory.
##
nobody:*:-2:-2:Unprivileged User:/var/empty:/usr/bin/false
root:*:0:0:System Administrator:/var/root:/bin/sh
daemon:*:1:1:System Services:/var/root:/usr/bin/false
_uucp:*:4:4:Unix to Unix Copy Protocol:/var/spool/uucp:/usr/sbin/uucico
_taskgated:*:13:13:Task Gate Daemon:/var/empty:/usr/bin/false
_networkd:*:24:24:Network Services:/var/networkd:/usr/bin/false
_installassistant:*:25:25:Install Assistant:/var/empty:/usr/bin/false
_lp:*:26:26:Printing Services:/var/spool/cups:/usr/bin/false
_postfix:*:27:27:Postfix Mail Server:/var/spool/postfix:/usr/bin/false
_scsd:*:31:31:Service Configuration Service:/var/empty:/usr/bin/false
_ces:*:32:32:Certificate Enrollment Service:/var/empty:/usr/bin/false
_appstore:*:33:33:Mac App Store Service:/
[[32m02dc1b28[0m] 	var/empty:/usr/bin/false
_mcxalr:*:54:54:MCX AppLaunch:/var/empty:/usr/bin/false
_appleevents:*:55:55:AppleEvents Daemon:/var/empty:/usr/bin/false
_geod:*:56:56:Geo Services Daemon:/var/db/geod:/usr/bin/false
_serialnumberd:*:58:58:Serial Number Daemon:/var/empty:/usr/bin/false
_devdocs:*:59:59:Developer Documentation:/var/empty:/usr/bin/false
_sandbox:*:60:60:Seatbelt:/var/empty:/usr/bin/false
_mdnsresponder:*:65:65:mDNSResponder:/var/empty:/usr/bin/false
_ard:*:67:67:Apple Remote Desktop:/var/empty:/usr/bin/false
_www:*:70:70:World Wide Web Server:/Library/WebServer:/usr/bin/false
_eppc:*:71:71:Apple Events User:/var/empty:/usr/bin/false
_cvs:*:72:72:CVS Server:/var/empty:/usr/bin/false
_svn:*:73:73:SVN Server:/var/empty:/usr/bin/false
_mysql:*:74:74:MySQL Server:/var/empty:/usr/bin/false
_sshd:*:75:75:sshd Privilege separation:/var/empty:/usr/bin/false
_qtss:*:76:76:QuickTime Streaming Server:/var/empty:/usr/bin/false
_cyrus:*:77:6:Cyrus Administrator:/var/imap:/usr/bin/false
_mailman:*:78:78:Mailman List 
[[32m02dc1b28[0m] 	Server:/var/empty:/usr/bin/false
_appserver:*:79:79:Application Server:/var/empty:/usr/bin/false
_clamav:*:82:82:ClamAV Daemon:/var/virusmails:/usr/bin/false
_amavisd:*:83:83:AMaViS Daemon:/var/virusmails:/usr/bin/false
_jabber:*:84:84:Jabber XMPP Server:/var/empty:/usr/bin/false
_appowner:*:87:87:Application Owner:/var/empty:/usr/bin/false
_windowserver:*:88:88:WindowServer:/var/empty:/usr/bin/false
_spotlight:*:89:89:Spotlight:/var/empty:/usr/bin/false
_tokend:*:91:91:Token Daemon:/var/empty:/usr/bin/false
_securityagent:*:92:92:SecurityAgent:/var/db/securityagent:/usr/bin/false
_calendar:*:93:93:Calendar:/var/empty:/usr/bin/false
_teamsserver:*:94:94:TeamsServer:/var/teamsserver:/usr/bin/false
_update_sharing:*:95:-2:Update Sharing:/var/empty:/usr/bin/false
_installer:*:96:-2:Installer:/var/empty:/usr/bin/false
_atsserver:*:97:97:ATS Server:/var/empty:/usr/bin/false
_ftp:*:98:-2:FTP Daemon:/var/empty:/usr/bin/false
_unknown:*:99:99:Unknown User:/var/empty:/usr/bin/false
_softwareupdate:*:200:200:Software U
[[32m02dc1b28[0m] 	pdate Service:/var/db/softwareupdate:/usr/bin/false
_coreaudiod:*:202:202:Core Audio Daemon:/var/empty:/usr/bin/false
_screensaver:*:203:203:Screensaver:/var/empty:/usr/bin/false
_locationd:*:205:205:Location Daemon:/var/db/locationd:/usr/bin/false
_trustevaluationagent:*:208:208:Trust Evaluation Agent:/var/empty:/usr/bin/false
_timezone:*:210:210:AutoTimeZoneDaemon:/var/empty:/usr/bin/false
_lda:*:211:211:Local Delivery Agent:/var/empty:/usr/bin/false
_cvmsroot:*:212:212:CVMS Root:/var/empty:/usr/bin/false
_usbmuxd:*:213:213:iPhone OS Device Helper:/var/db/lockdown:/usr/bin/false
_dovecot:*:214:6:Dovecot Administrator:/var/empty:/usr/bin/false
_dpaudio:*:215:215:DP Audio:/var/empty:/usr/bin/false
_postgres:*:216:216:PostgreSQL Server:/var/empty:/usr/bin/false
_krbtgt:*:217:-2:Kerberos Ticket Granting Ticket:/var/empty:/usr/bin/false
_kadmin_admin:*:218:-2:Kerberos Admin Service:/var/empty:/usr/bin/false
_kadmin_changepw:*:219:-2:Kerberos Change Password Service:/var/empty:/usr/bin/false
_devicemgr:*:220:220:
[[32m02dc1b28[0m] 	Device Management Server:/var/empty:/usr/bin/false
_webauthserver:*:221:221:Web Auth Server:/var/empty:/usr/bin/false
_netbios:*:222:222:NetBIOS:/var/empty:/usr/bin/false
_warmd:*:224:224:Warm Daemon:/var/empty:/usr/bin/false
_dovenull:*:227:227:Dovecot Authentication:/var/empty:/usr/bin/false
_netstatistics:*:228:228:Network Statistics Daemon:/var/empty:/usr/bin/false
_avbdeviced:*:229:-2:Ethernet AVB Device Daemon:/var/empty:/usr/bin/false
_krb_krbtgt:*:230:-2:Open Directory Kerberos Ticket Granting Ticket:/var/empty:/usr/bin/false
_krb_kadmin:*:231:-2:Open Directory Kerberos Admin Service:/var/empty:/usr/bin/false
_krb_changepw:*:232:-2:Open Directory Kerberos Change Password Service:/var/empty:/usr/bin/false
_krb_kerberos:*:233:-2:Open Directory Kerberos:/var/empty:/usr/bin/false
_krb_anonymous:*:234:-2:Open Directory Kerberos Anonymous:/var/empty:/usr/bin/false
_assetcache:*:235:235:Asset Cache Service:/var/empty:/usr/bin/false
_coremediaiod:*:236:236:Core Media IO Daemon:/var/empty:/usr/bin/false
_launc
[[32m02dc1b28[0m] 	hservicesd:*:239:239:_launchservicesd:/var/empty:/usr/bin/false
_iconservices:*:240:240:IconServices:/var/empty:/usr/bin/false
_distnote:*:241:241:DistNote:/var/empty:/usr/bin/false
_nsurlsessiond:*:242:242:NSURLSession Daemon:/var/db/nsurlsessiond:/usr/bin/false
_nsurlstoraged:*:243:243:NSURLStorage Daemon:/var/db/nsurlstoraged:/usr/bin/false
_displaypolicyd:*:244:244:Display Policy Daemon:/var/empty:/usr/bin/false
_astris:*:245:245:Astris Services:/var/db/astris:/usr/bin/false
_krbfast:*:246:-2:Kerberos FAST Account:/var/empty:/usr/bin/false
_gamecontrollerd:*:247:247:Game Controller Daemon:/var/empty:/usr/bin/false
_mbsetupuser:*:248:248:Setup User:/var/setup:/bin/bash
_ondemand:*:249:249:On Demand Resource Daemon:/var/db/ondemand:/usr/bin/false
_xserverdocs:*:251:251:macOS Server Documents Service:/var/empty:/usr/bin/false
_wwwproxy:*:252:252:WWW Proxy:/var/empty:/usr/bin/false
_mobileasset:*:253:253:MobileAsset User:/var/ma:/usr/bin/false
_findmydevice:*:254:254:Find My Device Daemon:/var/db/findmydevice
[[32m02dc1b28[0m] 	:/usr/bin/false
_datadetectors:*:257:257:DataDetectors:/var/db/datadetectors:/usr/bin/false
_captiveagent:*:258:258:captiveagent:/var/empty:/usr/bin/false
_ctkd:*:259:259:ctkd Account:/var/empty:/usr/bin/false
_applepay:*:260:260:applepay Account:/var/db/applepay:/usr/bin/false
_hidd:*:261:261:HID Service User:/var/db/hidd:/usr/bin/false
_cmiodalassistants:*:262:262:CoreMedia IO Assistants User:/var/db/cmiodalassistants:/usr/bin/false
_analyticsd:*:263:263:Analytics Daemon:/var/db/analyticsd:/usr/bin/false
_fpsd:*:265:265:FPS Daemon:/var/db/fpsd:/usr/bin/false
_timed:*:266:266:Time Sync Daemon:/var/db/timed:/usr/bin/false
[[32m02dc1b28[0m] Finished in 0.953 seconds with exit status 0 ([32;1msuccessful[0m)
[[32m92d62df5[0m] Running [33;1mssh techsupport@10.10.10.10 whoami; cat /etc/passwd[0m
[[32m92d62df5[0m] 	[31mPermission denied, please try again.[0m
[[32m92d62df5[0m] 	techsupport
[[32m92d62df5[0m] 	##
# User Database
# 
# Note that this file is consulted directly only when the system is running
# in single-user mode.  At other times this information is provided by
# Open Directory.
#
# See the opendirectoryd(8) man page for additional information about
# Open Directory.
##
nobody:*:-2:-2:Unprivileged User:/var/empty:/usr/bin/false
root:*:0:0:System Administrator:/var/root:/bin/sh
daemon:*:1:1:System Services:/var/root:/usr/bin/false
_uucp:*:4:4:Unix to Unix Copy Protocol:/var/spool/uucp:/usr/sbin/uucico
_taskgated:*:13:13:Task Gate Daemon:/var/empty:/usr/bin/false
_networkd:*:24:24:Network Services:/var/networkd:/usr/bin/false
_installassistant:*:25:25:Install Assistant:/var/empty:/usr/bin/false
_lp:*:26:26:Printing Services:/var/spool/cups:/usr/bin/false
_postfix:*:27:27:Postfix Mail Server:/var/spool/postfix:/usr/bin/false
_scsd:*:31:31:Service Configuration Service:/var/empty:/usr/bin/false
_ces:*:32:32:Certificate Enrollment Service:/var/empty:/usr/bin/false
_appstore:*:33:33:Mac App Store Service:/var/empty:/usr/bin/false
_mcxalr:*:54:54:MCX AppLaunch:/var/empty:/usr/bin/false
_appleevents:*:55:55:AppleEvents Daemon:/var/empty:/usr/bin/false
_geod:*:56:56:Geo Services Daemon:/var/db/geod:/usr/bin/false
_serialnumberd:*:58:58:Serial Number Daemon:/var/empty:/usr/bin/false
_devdocs:*:59:59:Developer Documentation:/var/empty:/usr/bin/false
_sandbox:*:60:60:Seatbelt:/var/empty:/usr/bin/false
_mdnsresponder:*:65:65:mDNSResponder:/var/empty:/usr/bin/false
_ard:*:67:67:Apple Remote Desktop:/var/empty:/usr/bin/false
_www:*:70:70:World Wide Web Server:/Library/WebServer:/usr/bin/false
_eppc:*:71:71:Apple Events User:/var/empty:/usr/bin/false
_cvs:*:72:72:CVS Server:/var/empty:/usr/bin/false
_svn:*:73:73:SVN Server:/var/empty:/usr/bin/false
_mysql:*:74:74:MySQL Server:/var/empty:/usr/bin/false
_sshd:*:75:75:sshd Privilege separation:/var/empty:/usr/bin/false
_qtss:*:76:76:QuickTime Streaming Server:/var/empty:/usr/bin/false
_cyrus:*:77:6:Cyrus Administrator:/var/imap:/usr/bin/false
_mailman:*:78:78:Mailman List Server:/var/empty:/usr/bin/false
_appserver:*:79:79:Application Server:/var/empty:/usr/bin/false
_clamav:*:82:82:ClamAV Daemon:/var/virusmails:/usr/bin/false
_amavisd:*:83:83:AMaViS Daemon:/var/virusmails:/usr/bin/false
_jabber:*:84:84:Jabber XMPP Server:/var/empty:/usr/bin/false
_appowner:*:87:87:Application Owner:/var/empty:/usr/bin/false
_windowserver:*:88:88:WindowServer:/var/empty:/usr/bin/false
_spotlight:*:89:89:Spotlight:/var/empty:/usr/bin/false
_tokend:*:91:91:Token Daemon:/var/empty:/usr/bin/false
_securityagent:*:92:92:SecurityAgent:/var/db/securityagent:/usr/bin/false
_calendar:*:93:93:Calendar:/var/empty:/usr/bin/false
_teamsserver:*:94:94:TeamsServer:/var/teamsserver:/usr/bin/false
_update_sharing:*:95:-2:Update Sharing:/var/empty:/usr/bin/false
_installer:*:96:-2:Installer:/var/empty:/usr/bin/false
_atsserver:*:97:97:ATS Server:/var/empty:/usr/bin/false
_ftp:*:98:-2:FTP Daemon:/var/empty:/usr/bin/false
_unknown:*:99:99:Unknown User:/var/empty:/usr/bin/false
_softwareupdate:*:200:200:Software Update Service:/var/db/softwareupdate:/usr/bin/false
_coreaudiod:*:202:202:Core Audio Daemon:/var/empty:/usr/bin/false
_screensaver:*:203:203:Screensaver:/var/empty:/usr/bin/false
_locationd:*:205:205:Location Daemon:/var/db/locationd:/usr/bin/false
_trustevaluationagent:*:208:208:Trust Evaluation Agent:/var/empty:/usr/bin/false
_timezone:*:210:210:AutoTimeZoneDaemon:/var/empty:/usr/bin/false
_lda:*:211:211:Local Delivery Agent:/var/empty:/usr/bin/false
_cvmsroot:*:212:212:CVMS Root:/var/empty:/usr/bin/false
_usbmuxd:*:213:213:iPhone OS Device Helper:/var/db/lockdown:/usr/bin/false
_dovecot:*:214:6:Dovecot Administrator:/var/empty:/usr/bin/false
_dpaudio:*:215:215:DP Audio:/var/empty:/usr/bin/false
_postgres:*:216:216:PostgreSQL Server:/var/empty:/usr/bin/false
_krbtgt:*:217:-2:Kerberos Ticket Granting Ticket:/var/empty:/usr/bin/false
_kadmin_admin:*:218:-2:Kerberos Admin Service:/var/empty:/usr/bin/false
_kadmin_changepw:*:219:-2:Kerberos Change Password Service:/var/empty:/usr/bin/false
_devicemgr:*:220:220:Device Management Server:/var/empty:/usr/bin/false
_webauthserver:*:221:221:Web Auth Server:/var/empty:/usr/bin/false
_netbios:*:222:222:NetBIOS:/var/empty:/usr/bin/false
_warmd:*:224:224:Warm Daemon:/var/empty:/usr/bin/false
_dovenull:*:227:227:Dovecot Authentication:/var/empty:/usr/bin/false
_netstatistics:*:228:228:Network Statistics Daemon:/var/empty:/usr/bin/false
_avbdeviced:*:229:-2:Ethernet AVB Device Daemon:/var/empty:/usr/bin/false
_krb_krbtgt:*:230:-2:Open Directory Kerberos Ticket Granting Ticket:/var/empty:/usr/bin/false
_krb_kadmin:*:231:-2:Open Directory Kerberos Admin Service:/var/empty:/usr/bin/false
_krb_changepw:*:232:-2:Open Directory Kerberos Change Password Service:/var/empty:/usr/bin/false
_krb_kerberos:*:233:-2:Open Directory Kerberos:/var/empty:/usr/bin/false
_krb_anonymous:*:234:-2:Open Directory Kerberos Anonymous:/var/empty:/usr/bin/false
_assetcache:*:235:235:Asset Cache Service:/var/empty:/usr/bin/false
_coremediaiod:*:236:236:Core Media IO Daemon:/var/empty:/usr/bin/false
_launchservicesd:*:239:239:_launchservicesd:/var/empty:/usr/bin/false
_iconservices:*:240:240:IconServices:/var/empty:/usr/bin/false
_distnote:*:241:241:DistNote:/var/empty:/usr/bin/false
_nsurlsessiond:*:242:242:NSURLSession Daemon:/var/db/nsurlsessiond:/usr/bin/false
_nsurlstoraged:*:243:243:NSURLStorage Daemon:/var/db/nsurlstoraged:/usr/bin/false
_displaypolicyd:*:244:244:Display Policy Daemon:/var/empty:/usr/bin/false
_astris:*:245:245:Astris Services:/var/db/astris:/usr/bin/false
_krbfast:*:246:-2:Kerberos FAST Account:/var/empty:/usr/bin/false
_gamecontrollerd:*:247:247:Game Controller Daemon:/var/empty:/usr/bin/false
_mbsetupuser:*:248:248:Setup User:/var/setup:/bin/bash
_ondemand:*:249:249:On Demand Resource Daemon:/var/db/ondemand:/usr/bin/false
_xserverdocs:*:251:251:macOS Server Documents Service:/var/empty:/usr/bin/false
_wwwproxy:*:252:252:WWW Proxy:/var/empty:/usr/bin/false
_mobileasset:*:253:253:MobileAsset User:/var/ma:/usr/bin/false
_findmydevice:*:254:254:Find My Device Daemon:/var/db/findmydevice:/usr/bin/false
_datadetectors:*:257:257:DataDetectors:/var/db/datadetectors:/usr/bin/false
_captiveagent:*:258:258:captiveagent:/var/empty:/usr/bin/false
_ctkd:*:259:259:ctkd Account:/var/empty:/usr/bin/false
_applepay:*:260:260:applepay Account:/var/db/applepay:/usr/bin/false
_hidd:*:261:261:HID Service User:/var/db/hidd:/usr/bin/false
_cmiodalassistants:*:262:262:CoreMedia IO Assistants User:/var/db/cmiodalassistants:/usr/bin/false
_analyticsd:*:263:263:Analytics Daemon:/var/db/analyticsd:/usr/bin/false
_fpsd:*:265:265:FPS Daemon:/var/db/fpsd:/usr/bin/false
_timed:*:266:266:Time Sync Daemon:/var/db/timed:/usr/bin/false
[[32m92d62df5[0m] Finished in 10.608 seconds with exit status 0 ([32;1msuccessful[0m)
